<?xml version="1.0" encoding="UTF-8"?>
<!-- Generated by org.testng.reporters.JUnitReportReporter -->
<testsuite hostname="LAPTOP-7A6BVKFP" failures="0" tests="1" name="pages.RecordSessionTest" time="6.387" errors="0" timestamp="2023-01-21T20:12:17 IST" skipped="0">
  <testcase classname="pages.RecordSessionTest" name="androidRecordSession" time="6.387"/>
  <system-out/>
</testsuite> <!-- pages.RecordSessionTest -->
