<?xml version="1.0" encoding="UTF-8"?>
<!-- Generated by org.testng.reporters.JUnitReportReporter -->
<testsuite hostname="LAPTOP-7A6BVKFP" failures="0" tests="2" name="pages.AndroidRecordSessionTest" time="9.186" errors="0" timestamp="2023-01-21T19:05:35 IST" skipped="0">
  <testcase classname="pages.AndroidRecordSessionTest" name="toogleWifi" time="1.451"/>
  <system-out/>
  <testcase classname="pages.AndroidRecordSessionTest" name="androidRecordSession" time="7.735"/>
  <system-out/>
</testsuite> <!-- pages.AndroidRecordSessionTest -->
